2023-05-03 13:14:26,453 INFO  StartupInfoLogger:55 - [] Starting WasherApplication using Java 17.0.2 on lin24009216 with PID 13900 (C:\Users\asing252\Desktop\JFS\CaseStudy-React\ODCW-API\washer\target\classes started by asing252 in C:\Users\asing252\Desktop\JFS\CaseStudy-React\ODCW-API\washer)
2023-05-03 13:14:26,502 INFO  SpringApplication:640 - [] No active profile set, falling back to 1 default profile: "default"
2023-05-03 13:14:26,637 INFO  DeferredLog:255 - [] Devtools property defaults active! Set 'spring.devtools.add-properties' to 'false' to disable
2023-05-03 13:14:26,637 INFO  DeferredLog:255 - [] For additional web related logging consider setting the 'logging.level.web' property to 'DEBUG'
2023-05-03 13:14:28,089 INFO  RepositoryConfigurationDelegate:132 - [] Bootstrapping Spring Data MongoDB repositories in DEFAULT mode.
2023-05-03 13:14:28,300 INFO  RepositoryConfigurationDelegate:201 - [] Finished Spring Data repository scanning in 203 ms. Found 1 MongoDB repository interfaces.
2023-05-03 13:14:28,673 INFO  GenericScope:283 - [] BeanFactory id=d945e114-8194-3022-8999-7ee9271dd293
2023-05-03 13:14:29,325 INFO  TomcatWebServer:108 - [] Tomcat initialized with port(s): 5003 (http)
2023-05-03 13:14:29,342 INFO  DirectJDKLog:173 - [] Starting service [Tomcat]
2023-05-03 13:14:29,343 INFO  DirectJDKLog:173 - [] Starting Servlet engine: [Apache Tomcat/9.0.58]
2023-05-03 13:14:29,484 INFO  DirectJDKLog:173 - [] Initializing Spring embedded WebApplicationContext
2023-05-03 13:14:29,485 INFO  ServletWebServerApplicationContext:290 - [] Root WebApplicationContext: initialization completed in 2846 ms
2023-05-03 13:14:29,687 INFO  SLF4JLogger:71 - [] Cluster created with settings {hosts=[localhost:27017], mode=SINGLE, requiredClusterType=UNKNOWN, serverSelectionTimeout='30000 ms'}
2023-05-03 13:14:29,795 INFO  SLF4JLogger:71 - [] Opened connection [connectionId{localValue:2, serverValue:31}] to localhost:27017
2023-05-03 13:14:29,795 INFO  SLF4JLogger:71 - [] Opened connection [connectionId{localValue:1, serverValue:32}] to localhost:27017
2023-05-03 13:14:29,796 INFO  SLF4JLogger:71 - [] Monitor thread successfully connected to server with description ServerDescription{address=localhost:27017, type=STANDALONE, state=CONNECTED, ok=true, minWireVersion=0, maxWireVersion=13, maxDocumentSize=16777216, logicalSessionTimeoutMinutes=30, roundTripTimeNanos=40622500}
2023-05-03 13:14:29,837 WARN  CustomConversions:261 - [] Registering converter from class java.time.LocalDateTime to class org.joda.time.LocalDateTime as reading converter although it doesn't convert from a store-supported type! You might want to check your annotation setup at the converter implementation.
2023-05-03 13:14:29,938 WARN  OptionalLiveReloadServer:61 - [] Unable to start LiveReload server
2023-05-03 13:14:29,987 WARN  CustomConversions:261 - [] Registering converter from class java.time.LocalDateTime to class org.joda.time.LocalDateTime as reading converter although it doesn't convert from a store-supported type! You might want to check your annotation setup at the converter implementation.
2023-05-03 13:14:31,593 INFO  DiscoveryClientOptionalArgsConfiguration:68 - [] Eureka HTTP Client uses RestTemplate.
2023-05-03 13:14:31,864 WARN  LoadBalancerCacheAutoConfiguration$LoadBalancerCaffeineWarnLogger:82 - [] Spring Cloud LoadBalancer is currently working with the default cache. While this cache implementation is useful for development and tests, it's recommended to use Caffeine cache in production.You can switch to using Caffeine cache, by adding it and org.springframework.cache.caffeine.CaffeineCacheManager to the classpath.
2023-05-03 13:14:31,898 INFO  InstanceInfoFactory:67 - [] Setting initial instance status as: STARTING
2023-05-03 13:14:32,062 INFO  DiscoveryClient:372 - [] Initializing Eureka in region us-east-1
2023-05-03 13:14:32,076 INFO  ConfigClusterResolver:43 - [] Resolving eureka endpoints via configuration
2023-05-03 13:14:32,126 INFO  DiscoveryClient:1007 - [] Disable delta property : false
2023-05-03 13:14:32,127 INFO  DiscoveryClient:1008 - [] Single vip registry refresh property : null
2023-05-03 13:14:32,129 INFO  DiscoveryClient:1009 - [] Force full registry fetch : false
2023-05-03 13:14:32,130 INFO  DiscoveryClient:1010 - [] Application is null : false
2023-05-03 13:14:32,132 INFO  DiscoveryClient:1011 - [] Registered Applications size is zero : true
2023-05-03 13:14:32,132 INFO  DiscoveryClient:1013 - [] Application version is -1: true
2023-05-03 13:14:32,134 INFO  DiscoveryClient:1097 - [] Getting all instance registry info from the eureka server
2023-05-03 13:14:32,683 INFO  DiscoveryClient:1106 - [] The response status is 200
2023-05-03 13:14:32,694 INFO  DiscoveryClient:1321 - [] Starting heartbeat executor: renew interval is: 30
2023-05-03 13:14:32,706 INFO  InstanceInfoReplicator:60 - [] InstanceInfoReplicator onDemand update allowed rate per min is 4
2023-05-03 13:14:32,731 INFO  DiscoveryClient:492 - [] Discovery Client initialized at timestamp 1683099872728 with initial instances count: 3
2023-05-03 13:14:32,734 INFO  EurekaServiceRegistry:41 - [] Registering application WASHER-SERVICE with eureka with status UP
2023-05-03 13:14:32,736 INFO  DiscoveryClient$3:1352 - [] Saw local status change event StatusChangeEvent [timestamp=1683099872735, current=UP, previous=STARTING]
2023-05-03 13:14:32,741 INFO  DiscoveryClient:873 - [] DiscoveryClient_WASHER-SERVICE/lin24009216.corp.capgemini.com:washer-service:5003: registering service...
2023-05-03 13:14:32,821 INFO  DiscoveryClient:882 - [] DiscoveryClient_WASHER-SERVICE/lin24009216.corp.capgemini.com:washer-service:5003 - registration status: 204
2023-05-03 13:14:32,834 INFO  TomcatWebServer:220 - [] Tomcat started on port(s): 5003 (http) with context path ''
2023-05-03 13:14:32,835 INFO  EurekaAutoServiceRegistration:144 - [] Updating port to 5003
2023-05-03 13:14:32,996 INFO  DocumentationPluginsBootstrapper:120 - [] Context refreshed
2023-05-03 13:14:33,011 INFO  DocumentationPluginsBootstrapper:123 - [] Found 1 custom documentation plugin(s)
2023-05-03 13:14:33,037 INFO  ApiListingReferenceScanner:41 - [] Scanning for api listing references
2023-05-03 13:14:33,284 INFO  StartupInfoLogger:61 - [] Started WasherApplication in 8.208 seconds (JVM running for 9.063)
2023-05-03 13:19:32,170 INFO  ConfigClusterResolver:43 - [] Resolving eureka endpoints via configuration
2023-05-03 13:54:20,856 INFO  SLF4JLogger:76 - [] Exception in monitor thread while connecting to server localhost:27017
com.mongodb.MongoSocketReadTimeoutException: Timeout while receiving message
	at com.mongodb.internal.connection.InternalStreamConnection.translateReadException(InternalStreamConnection.java:701)
	at com.mongodb.internal.connection.InternalStreamConnection.receiveMessageWithAdditionalTimeout(InternalStreamConnection.java:579)
	at com.mongodb.internal.connection.InternalStreamConnection.receiveCommandMessageResponse(InternalStreamConnection.java:415)
	at com.mongodb.internal.connection.InternalStreamConnection.receive(InternalStreamConnection.java:374)
	at com.mongodb.internal.connection.DefaultServerMonitor$ServerMonitorRunnable.lookupServerDescription(DefaultServerMonitor.java:216)
	at com.mongodb.internal.connection.DefaultServerMonitor$ServerMonitorRunnable.run(DefaultServerMonitor.java:152)
	at java.base/java.lang.Thread.run(Thread.java:833)
Caused by: java.net.SocketTimeoutException: Read timed out
	at java.base/sun.nio.ch.NioSocketImpl.timedRead(NioSocketImpl.java:283)
	at java.base/sun.nio.ch.NioSocketImpl.implRead(NioSocketImpl.java:309)
	at java.base/sun.nio.ch.NioSocketImpl.read(NioSocketImpl.java:350)
	at java.base/sun.nio.ch.NioSocketImpl$1.read(NioSocketImpl.java:803)
	at java.base/java.net.Socket$SocketInputStream.read(Socket.java:966)
	at com.mongodb.internal.connection.SocketStream.read(SocketStream.java:109)
	at com.mongodb.internal.connection.SocketStream.read(SocketStream.java:131)
	at com.mongodb.internal.connection.InternalStreamConnection.receiveResponseBuffers(InternalStreamConnection.java:718)
	at com.mongodb.internal.connection.InternalStreamConnection.receiveMessageWithAdditionalTimeout(InternalStreamConnection.java:576)
	... 5 common frames omitted
2023-05-03 13:54:23,253 INFO  SLF4JLogger:71 - [] Opened connection [connectionId{localValue:3, serverValue:33}] to localhost:27017
2023-05-03 13:54:23,266 INFO  SLF4JLogger:71 - [] Monitor thread successfully connected to server with description ServerDescription{address=localhost:27017, type=STANDALONE, state=CONNECTED, ok=true, minWireVersion=0, maxWireVersion=13, maxDocumentSize=16777216, logicalSessionTimeoutMinutes=30, roundTripTimeNanos=2392392100}
2023-05-03 13:58:51,765 INFO  ConfigClusterResolver:43 - [] Resolving eureka endpoints via configuration
2023-05-03 14:00:38,971 INFO  EurekaServiceRegistry:62 - [] Unregistering application WASHER-SERVICE with eureka with status DOWN
2023-05-03 14:00:38,972 INFO  DiscoveryClient$3:1352 - [] Saw local status change event StatusChangeEvent [timestamp=1683102638972, current=DOWN, previous=UP]
2023-05-03 14:00:38,973 INFO  DiscoveryClient:873 - [] DiscoveryClient_WASHER-SERVICE/lin24009216.corp.capgemini.com:washer-service:5003: registering service...
2023-05-03 14:00:38,987 INFO  DiscoveryClient:882 - [] DiscoveryClient_WASHER-SERVICE/lin24009216.corp.capgemini.com:washer-service:5003 - registration status: 204
2023-05-03 14:00:39,030 INFO  DiscoveryClient:935 - [] Shutting down DiscoveryClient ...
2023-05-03 14:00:42,049 INFO  DiscoveryClient:971 - [] Unregistering ...
2023-05-03 14:00:42,065 INFO  DiscoveryClient:973 - [] DiscoveryClient_WASHER-SERVICE/lin24009216.corp.capgemini.com:washer-service:5003 - deregister  status: 200
2023-05-03 14:00:42,074 INFO  DiscoveryClient:960 - [] Completed shut down of DiscoveryClient
2023-05-03 14:03:28,419 INFO  StartupInfoLogger:55 - [] Starting WasherApplication using Java 17.0.2 on lin24009216 with PID 13900 (C:\Users\asing252\Desktop\JFS\CaseStudy-React\ODCW-API\washer\target\classes started by asing252 in C:\Users\asing252\Desktop\JFS\CaseStudy-React\ODCW-API\washer)
2023-05-03 14:03:28,420 INFO  SpringApplication:640 - [] No active profile set, falling back to 1 default profile: "default"
2023-05-03 14:03:28,763 INFO  RepositoryConfigurationDelegate:132 - [] Bootstrapping Spring Data MongoDB repositories in DEFAULT mode.
2023-05-03 14:03:28,777 INFO  RepositoryConfigurationDelegate:201 - [] Finished Spring Data repository scanning in 13 ms. Found 1 MongoDB repository interfaces.
2023-05-03 14:03:28,883 INFO  GenericScope:283 - [] BeanFactory id=c06e4785-030f-3384-bd04-da25e5b13107
2023-05-03 14:03:28,967 INFO  TomcatWebServer:108 - [] Tomcat initialized with port(s): 5003 (http)
2023-05-03 14:03:28,971 INFO  DirectJDKLog:173 - [] Starting service [Tomcat]
2023-05-03 14:03:28,971 INFO  DirectJDKLog:173 - [] Starting Servlet engine: [Apache Tomcat/9.0.58]
2023-05-03 14:03:29,010 INFO  DirectJDKLog:173 - [] Initializing Spring embedded WebApplicationContext
2023-05-03 14:03:29,011 INFO  ServletWebServerApplicationContext:290 - [] Root WebApplicationContext: initialization completed in 585 ms
2023-05-03 14:03:29,033 WARN  AbstractApplicationContext:591 - [] Exception encountered during context initialization - cancelling refresh attempt: org.springframework.beans.factory.UnsatisfiedDependencyException: Error creating bean with name 'washerController': Unsatisfied dependency expressed through field 'washerServiceImpl'; nested exception is org.springframework.beans.factory.UnsatisfiedDependencyException: Error creating bean with name 'washerServiceImpl': Unsatisfied dependency expressed through field 'washerRepo'; nested exception is org.springframework.beans.factory.BeanCreationException: Error creating bean with name 'washerRepo' defined in com.casestudy.washer.Repository.WasherRepo defined in @EnableMongoRepositories declared on MongoRepositoriesRegistrar.EnableMongoRepositoriesConfiguration: Cannot resolve reference to bean 'mongoTemplate' while setting bean property 'mongoOperations'; nested exception is org.springframework.beans.factory.NoSuchBeanDefinitionException: No bean named 'mongoTemplate' available
2023-05-03 14:03:29,034 INFO  DirectJDKLog:173 - [] Stopping service [Tomcat]
2023-05-03 14:03:29,044 INFO  ConditionEvaluationReportLoggingListener:136 - [] 

Error starting ApplicationContext. To display the conditions report re-run your application with 'debug' enabled.
2023-05-03 14:03:29,075 ERROR LoggingFailureAnalysisReporter:40 - [] 

***************************
APPLICATION FAILED TO START
***************************

Description:

Field washerRepo in com.casestudy.washer.serivces.WasherServiceImpl required a bean named 'mongoTemplate' that could not be found.

The injection point has the following annotations:
	- @org.springframework.beans.factory.annotation.Autowired(required=true)


Action:

Consider defining a bean named 'mongoTemplate' in your configuration.

2023-05-03 14:03:33,340 INFO  StartupInfoLogger:55 - [] Starting WasherApplication using Java 17.0.2 on lin24009216 with PID 22812 (C:\Users\asing252\Desktop\JFS\CaseStudy-React\ODCW-API\washer\target\classes started by asing252 in C:\Users\asing252\Desktop\JFS\CaseStudy-React\ODCW-API\washer)
2023-05-03 14:03:33,343 INFO  SpringApplication:640 - [] No active profile set, falling back to 1 default profile: "default"
2023-05-03 14:03:33,416 INFO  DeferredLog:255 - [] Devtools property defaults active! Set 'spring.devtools.add-properties' to 'false' to disable
2023-05-03 14:03:33,416 INFO  DeferredLog:255 - [] For additional web related logging consider setting the 'logging.level.web' property to 'DEBUG'
2023-05-03 14:03:35,130 INFO  RepositoryConfigurationDelegate:132 - [] Bootstrapping Spring Data MongoDB repositories in DEFAULT mode.
2023-05-03 14:03:35,460 INFO  RepositoryConfigurationDelegate:201 - [] Finished Spring Data repository scanning in 316 ms. Found 1 MongoDB repository interfaces.
2023-05-03 14:03:36,198 INFO  GenericScope:283 - [] BeanFactory id=c06e4785-030f-3384-bd04-da25e5b13107
2023-05-03 14:03:38,375 INFO  TomcatWebServer:108 - [] Tomcat initialized with port(s): 5003 (http)
2023-05-03 14:03:38,424 INFO  DirectJDKLog:173 - [] Starting service [Tomcat]
2023-05-03 14:03:38,426 INFO  DirectJDKLog:173 - [] Starting Servlet engine: [Apache Tomcat/9.0.58]
2023-05-03 14:03:38,947 INFO  DirectJDKLog:173 - [] Initializing Spring embedded WebApplicationContext
2023-05-03 14:03:38,948 INFO  ServletWebServerApplicationContext:290 - [] Root WebApplicationContext: initialization completed in 5530 ms
2023-05-03 14:03:39,197 WARN  AbstractApplicationContext:591 - [] Exception encountered during context initialization - cancelling refresh attempt: org.springframework.beans.factory.UnsatisfiedDependencyException: Error creating bean with name 'washerController': Unsatisfied dependency expressed through field 'washerServiceImpl'; nested exception is org.springframework.beans.factory.UnsatisfiedDependencyException: Error creating bean with name 'washerServiceImpl': Unsatisfied dependency expressed through field 'washerRepo'; nested exception is org.springframework.beans.factory.BeanCreationException: Error creating bean with name 'washerRepo' defined in com.casestudy.washer.Repository.WasherRepo defined in @EnableMongoRepositories declared on MongoRepositoriesRegistrar.EnableMongoRepositoriesConfiguration: Cannot resolve reference to bean 'mongoTemplate' while setting bean property 'mongoOperations'; nested exception is org.springframework.beans.factory.NoSuchBeanDefinitionException: No bean named 'mongoTemplate' available
2023-05-03 14:03:39,203 INFO  DirectJDKLog:173 - [] Stopping service [Tomcat]
2023-05-03 14:03:39,234 INFO  ConditionEvaluationReportLoggingListener:136 - [] 

Error starting ApplicationContext. To display the conditions report re-run your application with 'debug' enabled.
2023-05-03 14:03:39,279 ERROR LoggingFailureAnalysisReporter:40 - [] 

***************************
APPLICATION FAILED TO START
***************************

Description:

Field washerRepo in com.casestudy.washer.serivces.WasherServiceImpl required a bean named 'mongoTemplate' that could not be found.

The injection point has the following annotations:
	- @org.springframework.beans.factory.annotation.Autowired(required=true)


Action:

Consider defining a bean named 'mongoTemplate' in your configuration.

2023-05-03 14:07:10,326 INFO  StartupInfoLogger:55 - [] Starting WasherApplication using Java 17.0.2 on lin24009216 with PID 19232 (C:\Users\asing252\Desktop\JFS\CaseStudy-React\ODCW-API\washer\target\classes started by asing252 in C:\Users\asing252\Desktop\JFS\CaseStudy-React\ODCW-API\washer)
2023-05-03 14:07:10,329 INFO  SpringApplication:640 - [] No active profile set, falling back to 1 default profile: "default"
2023-05-03 14:07:10,398 INFO  DeferredLog:255 - [] Devtools property defaults active! Set 'spring.devtools.add-properties' to 'false' to disable
2023-05-03 14:07:10,399 INFO  DeferredLog:255 - [] For additional web related logging consider setting the 'logging.level.web' property to 'DEBUG'
2023-05-03 14:07:11,261 INFO  RepositoryConfigurationDelegate:132 - [] Bootstrapping Spring Data MongoDB repositories in DEFAULT mode.
2023-05-03 14:07:11,462 INFO  RepositoryConfigurationDelegate:201 - [] Finished Spring Data repository scanning in 192 ms. Found 1 MongoDB repository interfaces.
2023-05-03 14:07:11,785 INFO  GenericScope:283 - [] BeanFactory id=d945e114-8194-3022-8999-7ee9271dd293
2023-05-03 14:07:12,493 INFO  TomcatWebServer:108 - [] Tomcat initialized with port(s): 5003 (http)
2023-05-03 14:07:12,512 INFO  DirectJDKLog:173 - [] Starting service [Tomcat]
2023-05-03 14:07:12,513 INFO  DirectJDKLog:173 - [] Starting Servlet engine: [Apache Tomcat/9.0.58]
2023-05-03 14:07:12,765 INFO  DirectJDKLog:173 - [] Initializing Spring embedded WebApplicationContext
2023-05-03 14:07:12,766 INFO  ServletWebServerApplicationContext:290 - [] Root WebApplicationContext: initialization completed in 2366 ms
2023-05-03 14:07:13,176 INFO  SLF4JLogger:71 - [] Cluster created with settings {hosts=[localhost:27017], mode=SINGLE, requiredClusterType=UNKNOWN, serverSelectionTimeout='30000 ms'}
2023-05-03 14:07:13,447 WARN  CustomConversions:261 - [] Registering converter from class java.time.LocalDateTime to class org.joda.time.LocalDateTime as reading converter although it doesn't convert from a store-supported type! You might want to check your annotation setup at the converter implementation.
2023-05-03 14:07:13,502 INFO  SLF4JLogger:71 - [] Opened connection [connectionId{localValue:2, serverValue:45}] to localhost:27017
2023-05-03 14:07:13,502 INFO  SLF4JLogger:71 - [] Opened connection [connectionId{localValue:1, serverValue:46}] to localhost:27017
2023-05-03 14:07:13,504 INFO  SLF4JLogger:71 - [] Monitor thread successfully connected to server with description ServerDescription{address=localhost:27017, type=STANDALONE, state=CONNECTED, ok=true, minWireVersion=0, maxWireVersion=13, maxDocumentSize=16777216, logicalSessionTimeoutMinutes=30, roundTripTimeNanos=137181200}
2023-05-03 14:07:13,809 WARN  OptionalLiveReloadServer:61 - [] Unable to start LiveReload server
2023-05-03 14:07:13,931 WARN  CustomConversions:261 - [] Registering converter from class java.time.LocalDateTime to class org.joda.time.LocalDateTime as reading converter although it doesn't convert from a store-supported type! You might want to check your annotation setup at the converter implementation.
2023-05-03 14:07:15,427 INFO  DiscoveryClientOptionalArgsConfiguration:68 - [] Eureka HTTP Client uses RestTemplate.
2023-05-03 14:07:15,743 WARN  LoadBalancerCacheAutoConfiguration$LoadBalancerCaffeineWarnLogger:82 - [] Spring Cloud LoadBalancer is currently working with the default cache. While this cache implementation is useful for development and tests, it's recommended to use Caffeine cache in production.You can switch to using Caffeine cache, by adding it and org.springframework.cache.caffeine.CaffeineCacheManager to the classpath.
2023-05-03 14:07:15,789 INFO  InstanceInfoFactory:67 - [] Setting initial instance status as: STARTING
2023-05-03 14:07:15,963 INFO  DiscoveryClient:372 - [] Initializing Eureka in region us-east-1
2023-05-03 14:07:15,975 INFO  ConfigClusterResolver:43 - [] Resolving eureka endpoints via configuration
2023-05-03 14:07:16,024 INFO  DiscoveryClient:1007 - [] Disable delta property : false
2023-05-03 14:07:16,025 INFO  DiscoveryClient:1008 - [] Single vip registry refresh property : null
2023-05-03 14:07:16,026 INFO  DiscoveryClient:1009 - [] Force full registry fetch : false
2023-05-03 14:07:16,027 INFO  DiscoveryClient:1010 - [] Application is null : false
2023-05-03 14:07:16,027 INFO  DiscoveryClient:1011 - [] Registered Applications size is zero : true
2023-05-03 14:07:16,028 INFO  DiscoveryClient:1013 - [] Application version is -1: true
2023-05-03 14:07:16,029 INFO  DiscoveryClient:1097 - [] Getting all instance registry info from the eureka server
2023-05-03 14:07:16,503 INFO  DiscoveryClient:1106 - [] The response status is 200
2023-05-03 14:07:16,513 INFO  DiscoveryClient:1321 - [] Starting heartbeat executor: renew interval is: 30
2023-05-03 14:07:16,523 INFO  InstanceInfoReplicator:60 - [] InstanceInfoReplicator onDemand update allowed rate per min is 4
2023-05-03 14:07:16,543 INFO  DiscoveryClient:492 - [] Discovery Client initialized at timestamp 1683103036541 with initial instances count: 3
2023-05-03 14:07:16,546 INFO  EurekaServiceRegistry:41 - [] Registering application WASHER-SERVICE with eureka with status UP
2023-05-03 14:07:16,548 INFO  DiscoveryClient$3:1352 - [] Saw local status change event StatusChangeEvent [timestamp=1683103036548, current=UP, previous=STARTING]
2023-05-03 14:07:16,551 INFO  DiscoveryClient:873 - [] DiscoveryClient_WASHER-SERVICE/lin24009216.corp.capgemini.com:washer-service:5003: registering service...
2023-05-03 14:07:16,612 INFO  TomcatWebServer:220 - [] Tomcat started on port(s): 5003 (http) with context path ''
2023-05-03 14:07:16,614 INFO  DiscoveryClient:882 - [] DiscoveryClient_WASHER-SERVICE/lin24009216.corp.capgemini.com:washer-service:5003 - registration status: 204
2023-05-03 14:07:16,615 INFO  EurekaAutoServiceRegistration:144 - [] Updating port to 5003
2023-05-03 14:07:16,771 INFO  DocumentationPluginsBootstrapper:120 - [] Context refreshed
2023-05-03 14:07:16,784 INFO  DocumentationPluginsBootstrapper:123 - [] Found 1 custom documentation plugin(s)
2023-05-03 14:07:16,803 INFO  ApiListingReferenceScanner:41 - [] Scanning for api listing references
2023-05-03 14:07:17,072 INFO  StartupInfoLogger:61 - [] Started WasherApplication in 7.322 seconds (JVM running for 7.999)
2023-05-03 14:12:16,055 INFO  ConfigClusterResolver:43 - [] Resolving eureka endpoints via configuration
2023-05-03 14:17:16,126 INFO  ConfigClusterResolver:43 - [] Resolving eureka endpoints via configuration
2023-05-03 14:22:16,141 INFO  ConfigClusterResolver:43 - [] Resolving eureka endpoints via configuration
2023-05-03 14:27:16,177 INFO  ConfigClusterResolver:43 - [] Resolving eureka endpoints via configuration
2023-05-03 14:32:16,303 INFO  ConfigClusterResolver:43 - [] Resolving eureka endpoints via configuration
2023-05-03 14:37:16,337 INFO  ConfigClusterResolver:43 - [] Resolving eureka endpoints via configuration
2023-05-03 14:42:16,358 INFO  ConfigClusterResolver:43 - [] Resolving eureka endpoints via configuration
2023-05-03 14:47:16,385 INFO  ConfigClusterResolver:43 - [] Resolving eureka endpoints via configuration
2023-05-03 14:52:16,461 INFO  ConfigClusterResolver:43 - [] Resolving eureka endpoints via configuration
2023-05-03 14:57:16,465 INFO  ConfigClusterResolver:43 - [] Resolving eureka endpoints via configuration
2023-05-03 15:02:16,476 INFO  ConfigClusterResolver:43 - [] Resolving eureka endpoints via configuration
2023-05-03 15:07:16,533 INFO  ConfigClusterResolver:43 - [] Resolving eureka endpoints via configuration
2023-05-03 15:12:16,567 INFO  ConfigClusterResolver:43 - [] Resolving eureka endpoints via configuration
2023-05-03 15:17:16,581 INFO  ConfigClusterResolver:43 - [] Resolving eureka endpoints via configuration
2023-05-03 15:22:16,617 INFO  ConfigClusterResolver:43 - [] Resolving eureka endpoints via configuration
2023-05-03 15:27:16,664 INFO  ConfigClusterResolver:43 - [] Resolving eureka endpoints via configuration
2023-05-03 15:32:16,695 INFO  ConfigClusterResolver:43 - [] Resolving eureka endpoints via configuration
2023-05-03 15:37:16,721 INFO  ConfigClusterResolver:43 - [] Resolving eureka endpoints via configuration
2023-05-03 15:42:16,776 INFO  ConfigClusterResolver:43 - [] Resolving eureka endpoints via configuration
2023-05-03 15:47:16,808 INFO  ConfigClusterResolver:43 - [] Resolving eureka endpoints via configuration
2023-05-03 15:52:16,828 INFO  ConfigClusterResolver:43 - [] Resolving eureka endpoints via configuration
2023-05-03 15:57:16,847 INFO  ConfigClusterResolver:43 - [] Resolving eureka endpoints via configuration
2023-05-03 16:02:16,864 INFO  ConfigClusterResolver:43 - [] Resolving eureka endpoints via configuration
2023-05-03 16:07:16,882 INFO  ConfigClusterResolver:43 - [] Resolving eureka endpoints via configuration
2023-05-03 16:12:16,914 INFO  ConfigClusterResolver:43 - [] Resolving eureka endpoints via configuration
2023-05-03 16:17:17,000 INFO  ConfigClusterResolver:43 - [] Resolving eureka endpoints via configuration
2023-05-03 16:22:17,044 INFO  ConfigClusterResolver:43 - [] Resolving eureka endpoints via configuration
2023-05-03 16:27:17,075 INFO  ConfigClusterResolver:43 - [] Resolving eureka endpoints via configuration
2023-05-03 16:32:17,127 INFO  ConfigClusterResolver:43 - [] Resolving eureka endpoints via configuration
