2023-05-03 13:02:25,464 INFO  StartupInfoLogger:55 - [] Starting CustomerApplication using Java 17.0.2 on lin24009216 with PID 25908 (C:\Users\asing252\Desktop\JFS\CaseStudy-React\ODCW-API\customer\target\classes started by asing252 in C:\Users\asing252\Desktop\JFS\CaseStudy-React\ODCW-API\customer)
2023-05-03 13:02:25,478 INFO  SpringApplication:640 - [] No active profile set, falling back to 1 default profile: "default"
2023-05-03 13:02:25,592 INFO  DeferredLog:255 - [] Devtools property defaults active! Set 'spring.devtools.add-properties' to 'false' to disable
2023-05-03 13:02:25,592 INFO  DeferredLog:255 - [] For additional web related logging consider setting the 'logging.level.web' property to 'DEBUG'
2023-05-03 13:02:26,866 INFO  RepositoryConfigurationDelegate:132 - [] Bootstrapping Spring Data MongoDB repositories in DEFAULT mode.
2023-05-03 13:02:27,047 INFO  RepositoryConfigurationDelegate:201 - [] Finished Spring Data repository scanning in 173 ms. Found 1 MongoDB repository interfaces.
2023-05-03 13:02:27,402 INFO  GenericScope:283 - [] BeanFactory id=8583bac8-b317-33c8-a0f6-b5e36489f039
2023-05-03 13:02:28,166 INFO  TomcatWebServer:108 - [] Tomcat initialized with port(s): 5001 (http)
2023-05-03 13:02:28,178 INFO  DirectJDKLog:173 - [] Starting service [Tomcat]
2023-05-03 13:02:28,178 INFO  DirectJDKLog:173 - [] Starting Servlet engine: [Apache Tomcat/9.0.58]
2023-05-03 13:02:28,308 INFO  DirectJDKLog:173 - [] Initializing Spring embedded WebApplicationContext
2023-05-03 13:02:28,309 INFO  ServletWebServerApplicationContext:290 - [] Root WebApplicationContext: initialization completed in 2715 ms
2023-05-03 13:02:28,496 INFO  SLF4JLogger:71 - [] Cluster created with settings {hosts=[localhost:27017], mode=SINGLE, requiredClusterType=UNKNOWN, serverSelectionTimeout='30000 ms'}
2023-05-03 13:02:28,590 INFO  SLF4JLogger:71 - [] Opened connection [connectionId{localValue:2, serverValue:30}] to localhost:27017
2023-05-03 13:02:28,590 INFO  SLF4JLogger:71 - [] Opened connection [connectionId{localValue:1, serverValue:29}] to localhost:27017
2023-05-03 13:02:28,591 INFO  SLF4JLogger:71 - [] Monitor thread successfully connected to server with description ServerDescription{address=localhost:27017, type=STANDALONE, state=CONNECTED, ok=true, minWireVersion=0, maxWireVersion=13, maxDocumentSize=16777216, logicalSessionTimeoutMinutes=30, roundTripTimeNanos=32615000}
2023-05-03 13:02:28,646 WARN  CustomConversions:261 - [] Registering converter from class java.time.LocalDateTime to class org.joda.time.LocalDateTime as reading converter although it doesn't convert from a store-supported type! You might want to check your annotation setup at the converter implementation.
2023-05-03 13:02:28,749 WARN  OptionalLiveReloadServer:61 - [] Unable to start LiveReload server
2023-05-03 13:02:28,821 WARN  CustomConversions:261 - [] Registering converter from class java.time.LocalDateTime to class org.joda.time.LocalDateTime as reading converter although it doesn't convert from a store-supported type! You might want to check your annotation setup at the converter implementation.
2023-05-03 13:02:30,179 INFO  DiscoveryClientOptionalArgsConfiguration:68 - [] Eureka HTTP Client uses RestTemplate.
2023-05-03 13:02:30,420 WARN  LoadBalancerCacheAutoConfiguration$LoadBalancerCaffeineWarnLogger:82 - [] Spring Cloud LoadBalancer is currently working with the default cache. While this cache implementation is useful for development and tests, it's recommended to use Caffeine cache in production.You can switch to using Caffeine cache, by adding it and org.springframework.cache.caffeine.CaffeineCacheManager to the classpath.
2023-05-03 13:02:30,456 INFO  InstanceInfoFactory:67 - [] Setting initial instance status as: STARTING
2023-05-03 13:02:30,574 INFO  DiscoveryClient:372 - [] Initializing Eureka in region us-east-1
2023-05-03 13:02:30,582 INFO  ConfigClusterResolver:43 - [] Resolving eureka endpoints via configuration
2023-05-03 13:02:30,618 INFO  DiscoveryClient:1007 - [] Disable delta property : false
2023-05-03 13:02:30,619 INFO  DiscoveryClient:1008 - [] Single vip registry refresh property : null
2023-05-03 13:02:30,619 INFO  DiscoveryClient:1009 - [] Force full registry fetch : false
2023-05-03 13:02:30,619 INFO  DiscoveryClient:1010 - [] Application is null : false
2023-05-03 13:02:30,620 INFO  DiscoveryClient:1011 - [] Registered Applications size is zero : true
2023-05-03 13:02:30,620 INFO  DiscoveryClient:1013 - [] Application version is -1: true
2023-05-03 13:02:30,620 INFO  DiscoveryClient:1097 - [] Getting all instance registry info from the eureka server
2023-05-03 13:02:31,040 INFO  DiscoveryClient:1106 - [] The response status is 200
2023-05-03 13:02:31,048 INFO  DiscoveryClient:1321 - [] Starting heartbeat executor: renew interval is: 30
2023-05-03 13:02:31,053 INFO  InstanceInfoReplicator:60 - [] InstanceInfoReplicator onDemand update allowed rate per min is 4
2023-05-03 13:02:31,061 INFO  DiscoveryClient:492 - [] Discovery Client initialized at timestamp 1683099151060 with initial instances count: 1
2023-05-03 13:02:31,064 INFO  EurekaServiceRegistry:41 - [] Registering application CUSTOMER-SERVICE with eureka with status UP
2023-05-03 13:02:31,065 INFO  DiscoveryClient$3:1352 - [] Saw local status change event StatusChangeEvent [timestamp=1683099151065, current=UP, previous=STARTING]
2023-05-03 13:02:31,068 INFO  DiscoveryClient:873 - [] DiscoveryClient_CUSTOMER-SERVICE/lin24009216.corp.capgemini.com:customer-service:5001: registering service...
2023-05-03 13:02:31,128 INFO  DiscoveryClient:882 - [] DiscoveryClient_CUSTOMER-SERVICE/lin24009216.corp.capgemini.com:customer-service:5001 - registration status: 204
2023-05-03 13:02:31,134 INFO  TomcatWebServer:220 - [] Tomcat started on port(s): 5001 (http) with context path ''
2023-05-03 13:02:31,135 INFO  EurekaAutoServiceRegistration:144 - [] Updating port to 5001
2023-05-03 13:02:31,280 INFO  DocumentationPluginsBootstrapper:120 - [] Context refreshed
2023-05-03 13:02:31,292 INFO  DocumentationPluginsBootstrapper:123 - [] Found 1 custom documentation plugin(s)
2023-05-03 13:02:31,315 INFO  ApiListingReferenceScanner:41 - [] Scanning for api listing references
2023-05-03 13:02:31,518 INFO  StartupInfoLogger:61 - [] Started CustomerApplication in 6.74 seconds (JVM running for 7.485)
2023-05-03 13:07:30,673 INFO  ConfigClusterResolver:43 - [] Resolving eureka endpoints via configuration
2023-05-03 13:12:30,696 INFO  ConfigClusterResolver:43 - [] Resolving eureka endpoints via configuration
2023-05-03 13:17:30,711 INFO  ConfigClusterResolver:43 - [] Resolving eureka endpoints via configuration
2023-05-03 13:54:20,868 INFO  SLF4JLogger:76 - [] Exception in monitor thread while connecting to server localhost:27017
com.mongodb.MongoSocketReadTimeoutException: Timeout while receiving message
	at com.mongodb.internal.connection.InternalStreamConnection.translateReadException(InternalStreamConnection.java:701)
	at com.mongodb.internal.connection.InternalStreamConnection.receiveMessageWithAdditionalTimeout(InternalStreamConnection.java:579)
	at com.mongodb.internal.connection.InternalStreamConnection.receiveCommandMessageResponse(InternalStreamConnection.java:415)
	at com.mongodb.internal.connection.InternalStreamConnection.receive(InternalStreamConnection.java:374)
	at com.mongodb.internal.connection.DefaultServerMonitor$ServerMonitorRunnable.lookupServerDescription(DefaultServerMonitor.java:216)
	at com.mongodb.internal.connection.DefaultServerMonitor$ServerMonitorRunnable.run(DefaultServerMonitor.java:152)
	at java.base/java.lang.Thread.run(Thread.java:833)
Caused by: java.net.SocketTimeoutException: Read timed out
	at java.base/sun.nio.ch.NioSocketImpl.timedRead(NioSocketImpl.java:283)
	at java.base/sun.nio.ch.NioSocketImpl.implRead(NioSocketImpl.java:309)
	at java.base/sun.nio.ch.NioSocketImpl.read(NioSocketImpl.java:350)
	at java.base/sun.nio.ch.NioSocketImpl$1.read(NioSocketImpl.java:803)
	at java.base/java.net.Socket$SocketInputStream.read(Socket.java:966)
	at com.mongodb.internal.connection.SocketStream.read(SocketStream.java:109)
	at com.mongodb.internal.connection.SocketStream.read(SocketStream.java:131)
	at com.mongodb.internal.connection.InternalStreamConnection.receiveResponseBuffers(InternalStreamConnection.java:718)
	at com.mongodb.internal.connection.InternalStreamConnection.receiveMessageWithAdditionalTimeout(InternalStreamConnection.java:576)
	... 5 common frames omitted
2023-05-03 13:54:23,253 INFO  SLF4JLogger:71 - [] Opened connection [connectionId{localValue:3, serverValue:34}] to localhost:27017
2023-05-03 13:54:23,267 INFO  SLF4JLogger:71 - [] Monitor thread successfully connected to server with description ServerDescription{address=localhost:27017, type=STANDALONE, state=CONNECTED, ok=true, minWireVersion=0, maxWireVersion=13, maxDocumentSize=16777216, logicalSessionTimeoutMinutes=30, roundTripTimeNanos=2379230300}
2023-05-03 13:56:50,313 INFO  ConfigClusterResolver:43 - [] Resolving eureka endpoints via configuration
2023-05-03 14:01:50,438 INFO  ConfigClusterResolver:43 - [] Resolving eureka endpoints via configuration
2023-05-03 14:06:50,596 INFO  ConfigClusterResolver:43 - [] Resolving eureka endpoints via configuration
2023-05-03 14:11:50,605 INFO  ConfigClusterResolver:43 - [] Resolving eureka endpoints via configuration
2023-05-03 14:16:50,677 INFO  ConfigClusterResolver:43 - [] Resolving eureka endpoints via configuration
2023-05-03 14:21:50,688 INFO  ConfigClusterResolver:43 - [] Resolving eureka endpoints via configuration
2023-05-03 14:22:44,269 INFO  DirectJDKLog:173 - [] Initializing Spring DispatcherServlet 'dispatcherServlet'
2023-05-03 14:22:44,270 INFO  FrameworkServlet:525 - [] Initializing Servlet 'dispatcherServlet'
2023-05-03 14:22:44,321 INFO  FrameworkServlet:547 - [] Completed initialization in 50 ms
2023-05-03 14:22:44,484 DEBUG CustomerController:72 - [] Request com.casestudy.customer.models.Customer@5ad74411
2023-05-03 14:22:44,713 INFO  SLF4JLogger:71 - [] Opened connection [connectionId{localValue:4, serverValue:50}] to localhost:27017
2023-05-03 14:22:44,755 DEBUG CustomerController:75 - [] Response 201 CREATED
2023-05-03 14:26:50,701 INFO  ConfigClusterResolver:43 - [] Resolving eureka endpoints via configuration
2023-05-03 14:31:51,007 INFO  ConfigClusterResolver:43 - [] Resolving eureka endpoints via configuration
2023-05-03 14:32:06,024 INFO  EurekaServiceRegistry:62 - [] Unregistering application CUSTOMER-SERVICE with eureka with status DOWN
2023-05-03 14:32:06,026 INFO  DiscoveryClient$3:1352 - [] Saw local status change event StatusChangeEvent [timestamp=1683104526026, current=DOWN, previous=UP]
2023-05-03 14:32:06,028 INFO  DiscoveryClient:873 - [] DiscoveryClient_CUSTOMER-SERVICE/lin24009216.corp.capgemini.com:customer-service:5001: registering service...
2023-05-03 14:32:06,054 INFO  DiscoveryClient:882 - [] DiscoveryClient_CUSTOMER-SERVICE/lin24009216.corp.capgemini.com:customer-service:5001 - registration status: 204
2023-05-03 14:32:06,657 INFO  DiscoveryClient:935 - [] Shutting down DiscoveryClient ...
2023-05-03 14:32:09,683 INFO  DiscoveryClient:971 - [] Unregistering ...
2023-05-03 14:32:09,741 INFO  DiscoveryClient:973 - [] DiscoveryClient_CUSTOMER-SERVICE/lin24009216.corp.capgemini.com:customer-service:5001 - deregister  status: 200
2023-05-03 14:32:09,758 INFO  DiscoveryClient:960 - [] Completed shut down of DiscoveryClient
2023-05-03 14:32:36,179 INFO  StartupInfoLogger:55 - [] Starting CustomerApplication using Java 17.0.2 on lin24009216 with PID 25908 (C:\Users\asing252\Desktop\JFS\CaseStudy-React\ODCW-API\customer\target\classes started by asing252 in C:\Users\asing252\Desktop\JFS\CaseStudy-React\ODCW-API\customer)
2023-05-03 14:32:36,179 INFO  SpringApplication:640 - [] No active profile set, falling back to 1 default profile: "default"
2023-05-03 14:32:37,758 INFO  TomcatWebServer:108 - [] Tomcat initialized with port(s): 5001 (http)
2023-05-03 14:32:37,761 INFO  DirectJDKLog:173 - [] Starting service [Tomcat]
2023-05-03 14:32:37,762 INFO  DirectJDKLog:173 - [] Starting Servlet engine: [Apache Tomcat/9.0.58]
2023-05-03 14:32:37,813 INFO  StartupInfoLogger:55 - [] Starting CustomerApplication using Java 17.0.2 on lin24009216 with PID 25908 (C:\Users\asing252\Desktop\JFS\CaseStudy-React\ODCW-API\customer\target\classes started by asing252 in C:\Users\asing252\Desktop\JFS\CaseStudy-React\ODCW-API\customer)
2023-05-03 14:32:37,813 INFO  SpringApplication:640 - [] No active profile set, falling back to 1 default profile: "default"
2023-05-03 14:32:37,889 INFO  DirectJDKLog:173 - [] Initializing Spring embedded WebApplicationContext
2023-05-03 14:32:37,890 INFO  ServletWebServerApplicationContext:290 - [] Root WebApplicationContext: initialization completed in 1701 ms
2023-05-03 14:32:37,930 INFO  SLF4JLogger:71 - [] Cluster created with settings {hosts=[localhost:27017], mode=SINGLE, requiredClusterType=UNKNOWN, serverSelectionTimeout='30000 ms'}
2023-05-03 14:32:37,936 WARN  CustomConversions:261 - [] Registering converter from class java.time.LocalDateTime to class org.joda.time.LocalDateTime as reading converter although it doesn't convert from a store-supported type! You might want to check your annotation setup at the converter implementation.
2023-05-03 14:32:37,998 WARN  OptionalLiveReloadServer:61 - [] Unable to start LiveReload server
2023-05-03 14:32:39,432 INFO  SLF4JLogger:71 - [] Opened connection [connectionId{localValue:7, serverValue:55}] to localhost:27017
2023-05-03 14:32:39,433 INFO  SLF4JLogger:71 - [] Monitor thread successfully connected to server with description ServerDescription{address=localhost:27017, type=STANDALONE, state=CONNECTED, ok=true, minWireVersion=0, maxWireVersion=13, maxDocumentSize=16777216, logicalSessionTimeoutMinutes=30, roundTripTimeNanos=297085800}
2023-05-03 14:32:39,466 INFO  SLF4JLogger:71 - [] Opened connection [connectionId{localValue:8, serverValue:54}] to localhost:27017
2023-05-03 14:32:39,671 WARN  CustomConversions:261 - [] Registering converter from class java.time.LocalDateTime to class org.joda.time.LocalDateTime as reading converter although it doesn't convert from a store-supported type! You might want to check your annotation setup at the converter implementation.
2023-05-03 14:32:40,320 INFO  RepositoryConfigurationDelegate:132 - [] Bootstrapping Spring Data MongoDB repositories in DEFAULT mode.
2023-05-03 14:32:40,379 INFO  RepositoryConfigurationDelegate:201 - [] Finished Spring Data repository scanning in 58 ms. Found 1 MongoDB repository interfaces.
2023-05-03 14:32:40,591 INFO  GenericScope:283 - [] BeanFactory id=8583bac8-b317-33c8-a0f6-b5e36489f039
2023-05-03 14:32:40,761 INFO  TomcatWebServer:108 - [] Tomcat initialized with port(s): 5001 (http)
2023-05-03 14:32:40,763 INFO  DirectJDKLog:173 - [] Starting service [Tomcat]
2023-05-03 14:32:40,764 INFO  DirectJDKLog:173 - [] Starting Servlet engine: [Apache Tomcat/9.0.58]
2023-05-03 14:32:40,849 INFO  DirectJDKLog:173 - [] Initializing Spring embedded WebApplicationContext
2023-05-03 14:32:40,850 INFO  ServletWebServerApplicationContext:290 - [] Root WebApplicationContext: initialization completed in 3033 ms
2023-05-03 14:32:40,885 INFO  SLF4JLogger:71 - [] Cluster created with settings {hosts=[localhost:27017], mode=SINGLE, requiredClusterType=UNKNOWN, serverSelectionTimeout='30000 ms'}
2023-05-03 14:32:40,891 WARN  CustomConversions:261 - [] Registering converter from class java.time.LocalDateTime to class org.joda.time.LocalDateTime as reading converter although it doesn't convert from a store-supported type! You might want to check your annotation setup at the converter implementation.
2023-05-03 14:32:40,919 WARN  OptionalLiveReloadServer:61 - [] Unable to start LiveReload server
2023-05-03 14:32:40,938 WARN  CustomConversions:261 - [] Registering converter from class java.time.LocalDateTime to class org.joda.time.LocalDateTime as reading converter although it doesn't convert from a store-supported type! You might want to check your annotation setup at the converter implementation.
2023-05-03 14:32:41,731 INFO  SLF4JLogger:71 - [] Opened connection [connectionId{localValue:9, serverValue:56}] to localhost:27017
2023-05-03 14:32:41,735 INFO  SLF4JLogger:71 - [] Opened connection [connectionId{localValue:10, serverValue:57}] to localhost:27017
2023-05-03 14:32:41,738 INFO  SLF4JLogger:71 - [] Monitor thread successfully connected to server with description ServerDescription{address=localhost:27017, type=STANDALONE, state=CONNECTED, ok=true, minWireVersion=0, maxWireVersion=13, maxDocumentSize=16777216, logicalSessionTimeoutMinutes=30, roundTripTimeNanos=766264800}
2023-05-03 14:32:41,968 INFO  DiscoveryClientOptionalArgsConfiguration:68 - [] Eureka HTTP Client uses RestTemplate.
2023-05-03 14:32:42,812 WARN  LoadBalancerCacheAutoConfiguration$LoadBalancerCaffeineWarnLogger:82 - [] Spring Cloud LoadBalancer is currently working with the default cache. While this cache implementation is useful for development and tests, it's recommended to use Caffeine cache in production.You can switch to using Caffeine cache, by adding it and org.springframework.cache.caffeine.CaffeineCacheManager to the classpath.
2023-05-03 14:32:42,829 INFO  InstanceInfoFactory:67 - [] Setting initial instance status as: STARTING
2023-05-03 14:32:42,834 INFO  DiscoveryClient:372 - [] Initializing Eureka in region us-east-1
2023-05-03 14:32:42,836 INFO  ConfigClusterResolver:43 - [] Resolving eureka endpoints via configuration
2023-05-03 14:32:42,839 INFO  DiscoveryClient:1007 - [] Disable delta property : false
2023-05-03 14:32:42,841 INFO  DiscoveryClient:1008 - [] Single vip registry refresh property : null
2023-05-03 14:32:42,842 INFO  DiscoveryClient:1009 - [] Force full registry fetch : false
2023-05-03 14:32:42,844 INFO  DiscoveryClient:1010 - [] Application is null : false
2023-05-03 14:32:42,846 INFO  DiscoveryClient:1011 - [] Registered Applications size is zero : true
2023-05-03 14:32:42,849 INFO  DiscoveryClient:1013 - [] Application version is -1: true
2023-05-03 14:32:42,850 INFO  DiscoveryClient:1097 - [] Getting all instance registry info from the eureka server
2023-05-03 14:32:42,890 INFO  DiscoveryClient:1106 - [] The response status is 200
2023-05-03 14:32:42,893 INFO  DiscoveryClient:1321 - [] Starting heartbeat executor: renew interval is: 30
2023-05-03 14:32:42,895 INFO  InstanceInfoReplicator:60 - [] InstanceInfoReplicator onDemand update allowed rate per min is 4
2023-05-03 14:32:42,897 INFO  DiscoveryClient:492 - [] Discovery Client initialized at timestamp 1683104562897 with initial instances count: 4
2023-05-03 14:32:42,898 INFO  EurekaServiceRegistry:41 - [] Registering application CUSTOMER-SERVICE with eureka with status UP
2023-05-03 14:32:42,899 INFO  DiscoveryClient$3:1352 - [] Saw local status change event StatusChangeEvent [timestamp=1683104562899, current=UP, previous=STARTING]
2023-05-03 14:32:42,912 INFO  DiscoveryClientOptionalArgsConfiguration:68 - [] Eureka HTTP Client uses RestTemplate.
2023-05-03 14:32:42,996 INFO  DiscoveryClient:873 - [] DiscoveryClient_CUSTOMER-SERVICE/lin24009216.corp.capgemini.com:customer-service:5001: registering service...
2023-05-03 14:32:43,023 INFO  DiscoveryClient:882 - [] DiscoveryClient_CUSTOMER-SERVICE/lin24009216.corp.capgemini.com:customer-service:5001 - registration status: 204
2023-05-03 14:32:43,075 INFO  TomcatWebServer:220 - [] Tomcat started on port(s): 5001 (http) with context path ''
2023-05-03 14:32:43,076 INFO  EurekaAutoServiceRegistration:144 - [] Updating port to 5001
2023-05-03 14:32:43,392 WARN  LoadBalancerCacheAutoConfiguration$LoadBalancerCaffeineWarnLogger:82 - [] Spring Cloud LoadBalancer is currently working with the default cache. While this cache implementation is useful for development and tests, it's recommended to use Caffeine cache in production.You can switch to using Caffeine cache, by adding it and org.springframework.cache.caffeine.CaffeineCacheManager to the classpath.
2023-05-03 14:32:43,412 INFO  InstanceInfoFactory:67 - [] Setting initial instance status as: STARTING
2023-05-03 14:32:43,416 INFO  DiscoveryClient:372 - [] Initializing Eureka in region us-east-1
2023-05-03 14:32:43,417 INFO  ConfigClusterResolver:43 - [] Resolving eureka endpoints via configuration
2023-05-03 14:32:43,419 INFO  DiscoveryClient:1007 - [] Disable delta property : false
2023-05-03 14:32:43,419 INFO  DiscoveryClient:1008 - [] Single vip registry refresh property : null
2023-05-03 14:32:43,420 INFO  DiscoveryClient:1009 - [] Force full registry fetch : false
2023-05-03 14:32:43,420 INFO  DiscoveryClient:1010 - [] Application is null : false
2023-05-03 14:32:43,420 INFO  DiscoveryClient:1011 - [] Registered Applications size is zero : true
2023-05-03 14:32:43,420 INFO  DiscoveryClient:1013 - [] Application version is -1: true
2023-05-03 14:32:43,420 INFO  DiscoveryClient:1097 - [] Getting all instance registry info from the eureka server
2023-05-03 14:32:43,425 INFO  DocumentationPluginsBootstrapper:120 - [] Context refreshed
2023-05-03 14:32:43,429 INFO  DocumentationPluginsBootstrapper:123 - [] Found 1 custom documentation plugin(s)
2023-05-03 14:32:43,434 INFO  ApiListingReferenceScanner:41 - [] Scanning for api listing references
2023-05-03 14:32:43,462 INFO  DiscoveryClient:1106 - [] The response status is 200
2023-05-03 14:32:43,464 INFO  DiscoveryClient:1321 - [] Starting heartbeat executor: renew interval is: 30
2023-05-03 14:32:43,466 INFO  InstanceInfoReplicator:60 - [] InstanceInfoReplicator onDemand update allowed rate per min is 4
2023-05-03 14:32:43,468 INFO  DiscoveryClient:492 - [] Discovery Client initialized at timestamp 1683104563468 with initial instances count: 4
2023-05-03 14:32:43,470 INFO  EurekaServiceRegistry:41 - [] Registering application CUSTOMER-SERVICE with eureka with status UP
2023-05-03 14:32:43,470 INFO  DiscoveryClient$3:1352 - [] Saw local status change event StatusChangeEvent [timestamp=1683104563470, current=UP, previous=STARTING]
2023-05-03 14:32:43,474 WARN  AbstractApplicationContext:591 - [] Exception encountered during context initialization - cancelling refresh attempt: org.springframework.context.ApplicationContextException: Failed to start bean 'webServerStartStop'; nested exception is org.springframework.boot.web.server.PortInUseException: Port 5001 is already in use
2023-05-03 14:32:43,476 INFO  DiscoveryClient:873 - [] DiscoveryClient_CUSTOMER-SERVICE/lin24009216.corp.capgemini.com:customer-service:5001: registering service...
2023-05-03 14:32:43,479 INFO  DiscoveryClient:935 - [] Shutting down DiscoveryClient ...
2023-05-03 14:32:43,508 INFO  DiscoveryClient:882 - [] DiscoveryClient_CUSTOMER-SERVICE/lin24009216.corp.capgemini.com:customer-service:5001 - registration status: 204
2023-05-03 14:32:43,510 INFO  DiscoveryClient:971 - [] Unregistering ...
2023-05-03 14:32:43,515 INFO  DiscoveryClient:973 - [] DiscoveryClient_CUSTOMER-SERVICE/lin24009216.corp.capgemini.com:customer-service:5001 - deregister  status: 200
2023-05-03 14:32:43,521 INFO  DiscoveryClient:960 - [] Completed shut down of DiscoveryClient
2023-05-03 14:32:43,523 INFO  DirectJDKLog:173 - [] Stopping service [Tomcat]
2023-05-03 14:32:43,534 INFO  ConditionEvaluationReportLoggingListener:136 - [] 

Error starting ApplicationContext. To display the conditions report re-run your application with 'debug' enabled.
2023-05-03 14:32:43,540 ERROR LoggingFailureAnalysisReporter:40 - [] 

***************************
APPLICATION FAILED TO START
***************************

Description:

Web server failed to start. Port 5001 was already in use.

Action:

Identify and stop the process that's listening on port 5001 or configure this application to listen on another port.

2023-05-03 14:32:43,718 INFO  StartupInfoLogger:61 - [] Started CustomerApplication in 8.501 seconds (JVM running for 5419.203)
2023-05-03 14:32:43,722 INFO  ConditionEvaluationDeltaLoggingListener:63 - [] Condition evaluation unchanged
2023-05-03 14:33:12,928 INFO  DiscoveryClient:897 - [] DiscoveryClient_CUSTOMER-SERVICE/lin24009216.corp.capgemini.com:customer-service:5001 - Re-registering apps/CUSTOMER-SERVICE
2023-05-03 14:33:12,928 INFO  DiscoveryClient:873 - [] DiscoveryClient_CUSTOMER-SERVICE/lin24009216.corp.capgemini.com:customer-service:5001: registering service...
2023-05-03 14:33:12,933 INFO  DiscoveryClient:882 - [] DiscoveryClient_CUSTOMER-SERVICE/lin24009216.corp.capgemini.com:customer-service:5001 - registration status: 204
2023-05-03 14:37:42,871 INFO  ConfigClusterResolver:43 - [] Resolving eureka endpoints via configuration
2023-05-03 14:42:42,887 INFO  ConfigClusterResolver:43 - [] Resolving eureka endpoints via configuration
2023-05-03 14:47:42,926 INFO  ConfigClusterResolver:43 - [] Resolving eureka endpoints via configuration
2023-05-03 14:52:42,986 INFO  ConfigClusterResolver:43 - [] Resolving eureka endpoints via configuration
2023-05-03 14:57:43,002 INFO  ConfigClusterResolver:43 - [] Resolving eureka endpoints via configuration
2023-05-03 15:02:43,005 INFO  ConfigClusterResolver:43 - [] Resolving eureka endpoints via configuration
2023-05-03 15:07:43,068 INFO  ConfigClusterResolver:43 - [] Resolving eureka endpoints via configuration
2023-05-03 15:12:43,098 INFO  ConfigClusterResolver:43 - [] Resolving eureka endpoints via configuration
2023-05-03 15:17:43,116 INFO  ConfigClusterResolver:43 - [] Resolving eureka endpoints via configuration
2023-05-03 15:22:43,165 INFO  ConfigClusterResolver:43 - [] Resolving eureka endpoints via configuration
2023-05-03 15:27:43,220 INFO  ConfigClusterResolver:43 - [] Resolving eureka endpoints via configuration
2023-05-03 15:32:43,241 INFO  ConfigClusterResolver:43 - [] Resolving eureka endpoints via configuration
2023-05-03 15:37:43,262 INFO  ConfigClusterResolver:43 - [] Resolving eureka endpoints via configuration
2023-05-03 15:42:43,323 INFO  ConfigClusterResolver:43 - [] Resolving eureka endpoints via configuration
2023-05-03 15:47:43,357 INFO  ConfigClusterResolver:43 - [] Resolving eureka endpoints via configuration
2023-05-03 15:52:43,372 INFO  ConfigClusterResolver:43 - [] Resolving eureka endpoints via configuration
2023-05-03 15:57:43,388 INFO  ConfigClusterResolver:43 - [] Resolving eureka endpoints via configuration
2023-05-03 16:02:43,401 INFO  ConfigClusterResolver:43 - [] Resolving eureka endpoints via configuration
2023-05-03 16:07:43,416 INFO  ConfigClusterResolver:43 - [] Resolving eureka endpoints via configuration
2023-05-03 16:12:43,457 INFO  ConfigClusterResolver:43 - [] Resolving eureka endpoints via configuration
2023-05-03 16:17:43,545 INFO  ConfigClusterResolver:43 - [] Resolving eureka endpoints via configuration
2023-05-03 16:22:43,588 INFO  ConfigClusterResolver:43 - [] Resolving eureka endpoints via configuration
2023-05-03 16:27:43,616 INFO  ConfigClusterResolver:43 - [] Resolving eureka endpoints via configuration
